<?xml version="1.0" encoding="UTF-8"?>
<!-- Generated by org.testng.reporters.JUnitReportReporter -->
<testsuite hostname="DESKTOP-JGOJUD0" failures="0" tests="2" name="test.Day1" time="0.012" errors="0" timestamp="2022-11-01T01:59:39 IST" skipped="0">
  <testcase classname="test.Day1" name="Demo" time="0.004"/>
  <system-out/>
  <testcase classname="test.Day1" name="SecondTest" time="0.008"/>
  <system-out/>
</testsuite> <!-- test.Day1 -->
