<?xml version="1.0" encoding="UTF-8"?>
<!-- Generated by org.testng.reporters.JUnitReportReporter -->
<testsuite hostname="DESKTOP-JGOJUD0" failures="0" tests="1" name="test.Day2" time="0.003" errors="0" timestamp="2022-11-01T02:02:20 IST" skipped="0">
  <testcase classname="test.Day2" name="plan" time="0.003"/>
  <system-out/>
</testsuite> <!-- test.Day2 -->
