<?xml version="1.0" encoding="UTF-8"?>
<!-- Generated by org.testng.reporters.JUnitReportReporter -->
<testsuite hostname="DESKTOP-JGOJUD0" failures="0" tests="3" name="com.actitime.testscript.Demo1" time="0.019" errors="0" timestamp="2022-10-28T05:04:29 IST" skipped="0">
  <testcase classname="com.actitime.testscript.Demo1" name="createCustomer" time="0.006"/>
  <system-out>
    <![CDATA[createCustomer]]>
  </system-out>
  <testcase classname="com.actitime.testscript.Demo1" name="deleteCustomer" time="0.004"/>
  <system-out>
    <![CDATA[deleteCustomer]]>
  </system-out>
  <testcase classname="com.actitime.testscript.Demo1" name="modifyCustomer" time="0.009"/>
  <system-out>
    <![CDATA[modifyCustomer]]>
  </system-out>
</testsuite> <!-- com.actitime.testscript.Demo1 -->
