<?xml version="1.0" encoding="UTF-8"?>
<!-- Generated by org.testng.reporters.JUnitReportReporter -->
<testsuite hostname="DESKTOP-JGOJUD0" failures="0" tests="3" name="test.Day4" time="0.022" errors="0" timestamp="2022-11-01T02:02:20 IST" skipped="0">
  <testcase classname="test.Day4" name="HomeloginCarLoan" time="0.013"/>
  <system-out/>
  <testcase classname="test.Day4" name="MobileLoginHomeLoan" time="0.006"/>
  <system-out/>
  <testcase classname="test.Day4" name="LoginAPIHomeLoan" time="0.003"/>
  <system-out/>
</testsuite> <!-- test.Day4 -->
