<?xml version="1.0" encoding="UTF-8"?>
<!-- Generated by org.testng.reporters.JUnitReportReporter -->
<testsuite hostname="DESKTOP-JGOJUD0" failures="0" tests="1" name="test.screenshot" time="8.745" errors="0" timestamp="2022-11-02T23:54:21 IST" skipped="0">
  <testcase classname="test.screenshot" name="testScreenShot" time="8.745"/>
  <system-out/>
</testsuite> <!-- test.screenshot -->
