<?xml version="1.0" encoding="UTF-8"?>
<!-- Generated by org.testng.reporters.JUnitReportReporter -->
<testsuite hostname="DESKTOP-JGOJUD0" failures="0" tests="1" name="test.Day3" time="0.004" errors="0" timestamp="2022-11-01T02:02:20 IST" skipped="0">
  <testcase classname="test.Day3" name="LoginAPIcarLoan" time="0.004"/>
  <system-out/>
</testsuite> <!-- test.Day3 -->
